<html>
<body>
<pre>
<h1>µVision Build Log</h1>
<h2>Project:</h2>
D:\Projects\MCU\51\STC11F02_TDisplay\STC11F02_TDisplay.uvproj
Project File Date:  04/16/2015

<h2>Output:</h2>
Rebuild target 'Target 1'
assembling STARTUP.A51...
compiling main.c...
compiling delay.c...
compiling ds18b20.c...
ds18b20.c(93): warning C280: 'value': unreferenced local variable
compiling uart.c...
compiling time0.c...
compiling display.c...
linking...
*** WARNING L16: UNCALLED SEGMENT, IGNORED FOR OVERLAY PROCESS
    SEGMENT: ?CO?DISPLAY
Program Size: data=40.0 xdata=0 code=959
creating hex file from "STC11F02_TDisplay"...
"STC11F02_TDisplay" - 0 Error(s), 2 Warning(s).
</pre>
</body>
</html>
INIT
    MODULE:  main.obj (MAIN)
    ADDRESS: 02D1H
*** WARNING L2: REFERENCE MADE TO UNRESOLVED EXTERNAL
    SYMBOL:  DISPLAY_SCAN
    MODULE:  main.obj (MAIN)
    ADDRESS: 02DFH
Program Size: data=35.0 xdata=0 code=783
creating hex file from "STC11F02_TDisplay"...
"STC11F02_TDisplay" - 0 Error(s), 5 Warning(s).
VED EXTERNAL
    SYMBOL:  DISPLAY_SCAN
    MODULE:  main.obj (MAIN)
    ADDRESS: 02DBH
Program Size: data=40.0 xdata=0 code=779
creating hex file from "STC11F02_TDisplay"...
"STC11F02_TDisplay" - 0 Error(s), 7 Warning(s).
0xBB skipped
ds18b20.h(10): error C132: 'DS18B20_Reset': not in formal parameter list
ds18b20.h(11): error C132: '_DS18B20_WriteByte': not in formal parameter list
ds18b20.h(12): error C132: 'DS18B20_ReadByte': not in formal parameter list
ds18b20.h(13): error C132: 'ReadTemperature': not in formal parameter list
delay.h(4): error C132: '_delay_us': not in formal parameter list
ds18b20.c(6): error C132: 'DS18B20_Init': not in formal parameter list
ds18b20.c(6): error C141: syntax error near '{'
ds18b20.c(7): error C132: 'DS18B20_Reset': not in formal parameter list
ds18b20.c(8): error C141: syntax error near '0xCC'
ds18b20.c(8): error C132: 'DS18B20_WriteByte': not in formal parameter list
ds18b20.c(9): error C141: syntax error near '0x44'
ds18b20.c(9): error C132: 'DS18B20_WriteByte': not in formal parameter list
ds18b20.c(10): error C141: syntax error near '}'
compiling uart.c...
compiling time0.c...
Target not created
: error C202: 'TH1': undefined identifier
uart.c(22): error C202: 'TR1': undefined identifier
uart.c(23): error C202: 'ES': undefined identifier
uart.c(24): error C202: 'EA': undefined identifier
uart.c(29): error C202: 'SBUF': undefined identifier
uart.c(30): error C202: 'TI': undefined identifier
uart.c(31): error C202: 'TI': undefined identifier
compiling time0.c...
time0.c(12): error C202: 'AUXR': undefined identifier
time0.c(13): error C202: 'TMOD': undefined identifier
time0.c(14): error C202: 'TMOD': undefined identifier
time0.c(15): error C202: 'TL0': undefined identifier
time0.c(16): error C202: 'TH0': undefined identifier
time0.c(17): error C202: 'TF0': undefined identifier
time0.c(18): error C202: 'TR0': undefined identifier
Target not created
